# JRE version: Java(TM) SE Runtime Environment (8.0_191-b12) (build 1.8.0_191-b12)
# Java VM: Java HotSpot(TM) Client VM (25.191-b12 mixed mode windows-x86 )
Heap:
 def new generation   total 157248K, used 157243K [0x04800000, 0x0f2a0000, 0x0f2a0000)
  eden space 139776K,  99% used [0x04800000, 0x0d07fff8, 0x0d080000)
  from space 17472K,  99% used [0x0e190000, 0x0f29eca0, 0x0f2a0000)
  to   space 17472K,   0% used [0x0d080000, 0x0d080000, 0x0e190000)
 tenured generation   total 349568K, used 349567K [0x0f2a0000, 0x24800000, 0x24800000)
   the space 349568K,  99% used [0x0f2a0000, 0x247fff90, 0x24800000, 0x24800000)
 Metaspace       used 26568K, capacity 27113K, committed 27264K, reserved 28032K
GC Heap History (10 events):
Event: 109189.208 GC heap before
{Heap before GC invocations=742 (full 372):
 def new generation   total 157248K, used 157247K [0x04800000, 0x0f2a0000, 0x0f2a0000)
  eden space 139776K, 100% used [0x04800000, 0x0d080000, 0x0d080000)
  from space 17472K,  99% used [0x0e190000, 0x0f29ff10, 0x0f2a0000)
  to   space 17472K,   0% used [0x0d080000, 0x0d080000, 0x0e190000)
 tenured generation   total 349568K, used 349567K [0x0f2a0000, 0x24800000, 0x24800000)
   the space 349568K,  99% used [0x0f2a0000, 0x247fff90, 0x24800000, 0x24800000)
 Metaspace       used 26568K, capacity 27113K, committed 27264K, reserved 28032K
Event: 109189.763 GC heap after
Heap after GC invocations=743 (full 373):
 def new generation   total 157248K, used 157236K [0x04800000, 0x0f2a0000, 0x0f2a0000)
  eden space 139776K, 100% used [0x04800000, 0x0d080000, 0x0d080000)
  from space 17472K,  99% used [0x0e190000, 0x0f29d3c8, 0x0f2a0000)
  to   space 17472K,   0% used [0x0d080000, 0x0d080000, 0x0e190000)
 tenured generation   total 349568K, used 349567K [0x0f2a0000, 0x24800000, 0x24800000)
   the space 349568K,  99% used [0x0f2a0000, 0x247fff90, 0x24800000, 0x24800000)
 Metaspace       used 26568K, capacity 27113K, committed 27264K, reserved 28032K
}
Event: 109189.763 GC heap before
{Heap before GC invocations=743 (full 373):
 def new generation   total 157248K, used 157247K [0x04800000, 0x0f2a0000, 0x0f2a0000)
  eden space 139776K, 100% used [0x04800000, 0x0d080000, 0x0d080000)
  from space 17472K,  99% used [0x0e190000, 0x0f29ff38, 0x0f2a0000)
  to   space 17472K,   0% used [0x0d080000, 0x0d080000, 0x0e190000)
 tenured generation   total 349568K, used 349567K [0x0f2a0000, 0x24800000, 0x24800000)
   the space 349568K,  99% used [0x0f2a0000, 0x247fff90, 0x24800000, 0x24800000)
 Metaspace       used 26568K, capacity 27113K, committed 27264K, reserved 28032K
Event: 109190.309 GC heap after
Heap after GC invocations=744 (full 374):
 def new generation   total 157248K, used 157241K [0x04800000, 0x0f2a0000, 0x0f2a0000)
  eden space 139776K, 100% used [0x04800000, 0x0d080000, 0x0d080000)
  from space 17472K,  99% used [0x0e190000, 0x0f29e7e8, 0x0f2a0000)
  to   space 17472K,   0% used [0x0d080000, 0x0d080000, 0x0e190000)
 tenured generation   total 349568K, used 349567K [0x0f2a0000, 0x24800000, 0x24800000)
   the space 349568K,  99% used [0x0f2a0000, 0x247fff90, 0x24800000, 0x24800000)
 Metaspace       used 26568K, capacity 27113K, committed 27264K, reserved 28032K
}
Event: 109190.310 GC heap before
{Heap before GC invocations=744 (full 374):
 def new generation   total 157248K, used 157247K [0x04800000, 0x0f2a0000, 0x0f2a0000)
  eden space 139776K, 100% used [0x04800000, 0x0d080000, 0x0d080000)
  from space 17472K,  99% used [0x0e190000, 0x0f29ff48, 0x0f2a0000)
  to   space 17472K,   0% used [0x0d080000, 0x0d080000, 0x0e190000)
 tenured generation   total 349568K, used 349567K [0x0f2a0000, 0x24800000, 0x24800000)
   the space 349568K,  99% used [0x0f2a0000, 0x247fff90, 0x24800000, 0x24800000)
 Metaspace       used 26568K, capacity 27113K, committed 27264K, reserved 28032K
Event: 109190.897 GC heap after
Heap after GC invocations=745 (full 375):
 def new generation   total 157248K, used 157243K [0x04800000, 0x0f2a0000, 0x0f2a0000)
  eden space 139776K, 100% used [0x04800000, 0x0d080000, 0x0d080000)
  from space 17472K,  99% used [0x0e190000, 0x0f29ee98, 0x0f2a0000)
  to   space 17472K,   0% used [0x0d080000, 0x0d080000, 0x0e190000)
 tenured generation   total 349568K, used 349567K [0x0f2a0000, 0x24800000, 0x24800000)
   the space 349568K,  99% used [0x0f2a0000, 0x247fff90, 0x24800000, 0x24800000)
 Metaspace       used 26568K, capacity 27113K, committed 27264K, reserved 28032K
}
Event: 109190.898 GC heap before
{Heap before GC invocations=745 (full 375):
 def new generation   total 157248K, used 157245K [0x04800000, 0x0f2a0000, 0x0f2a0000)
  eden space 139776K, 100% used [0x04800000, 0x0d080000, 0x0d080000)
  from space 17472K,  99% used [0x0e190000, 0x0f29f688, 0x0f2a0000)
  to   space 17472K,   0% used [0x0d080000, 0x0d080000, 0x0e190000)
 tenured generation   total 349568K, used 349567K [0x0f2a0000, 0x24800000, 0x24800000)
   the space 349568K,  99% used [0x0f2a0000, 0x247fff90, 0x24800000, 0x24800000)
 Metaspace       used 26568K, capacity 27113K, committed 27264K, reserved 28032K
Event: 109191.449 GC heap after
Heap after GC invocations=746 (full 376):
 def new generation   total 157248K, used 157231K [0x04800000, 0x0f2a0000, 0x0f2a0000)
  eden space 139776K,  99% used [0x04800000, 0x0d07ffe8, 0x0d080000)
  from space 17472K,  99% used [0x0e190000, 0x0f29be30, 0x0f2a0000)
  to   space 17472K,   0% used [0x0d080000, 0x0d080000, 0x0e190000)
 tenured generation   total 349568K, used 349567K [0x0f2a0000, 0x24800000, 0x24800000)
   the space 349568K,  99% used [0x0f2a0000, 0x247fff90, 0x24800000, 0x24800000)
 Metaspace       used 26568K, capacity 27113K, committed 27264K, reserved 28032K
}
Event: 109191.449 GC heap before
{Heap before GC invocations=746 (full 376):
 def new generation   total 157248K, used 157231K [0x04800000, 0x0f2a0000, 0x0f2a0000)
  eden space 139776K,  99% used [0x04800000, 0x0d07ffe8, 0x0d080000)
  from space 17472K,  99% used [0x0e190000, 0x0f29be30, 0x0f2a0000)
  to   space 17472K,   0% used [0x0d080000, 0x0d080000, 0x0e190000)
 tenured generation   total 349568K, used 349567K [0x0f2a0000, 0x24800000, 0x24800000)
   the space 349568K,  99% used [0x0f2a0000, 0x247fff90, 0x24800000, 0x24800000)
 Metaspace       used 26568K, capacity 27113K, committed 27264K, reserved 28032K
Event: 109192.010 GC heap after
Heap after GC invocations=747 (full 377):
 def new generation   total 157248K, used 157231K [0x04800000, 0x0f2a0000, 0x0f2a0000)
  eden space 139776K,  99% used [0x04800000, 0x0d07ffe8, 0x0d080000)
  from space 17472K,  99% used [0x0e190000, 0x0f29be30, 0x0f2a0000)
  to   space 17472K,   0% used [0x0d080000, 0x0d080000, 0x0e190000)
 tenured generation   total 349568K, used 349567K [0x0f2a0000, 0x24800000, 0x24800000)
   the space 349568K,  99% used [0x0f2a0000, 0x247fff90, 0x24800000, 0x24800000)
 Metaspace       used 26568K, capacity 27113K, committed 27264K, reserved 28032K
}

